2024-07-05 20:26:05,836 - INFO - Создана матрица 3x3 с случайными значениями. [[4, 3, 4], [4, 1, 0], [1, 4, 2]]
2024-07-05 20:26:05,836 - INFO - Создана матрица 3x3 с случайными значениями. [[3, 0, 4], [2, 4, 0], [3, 1, 1]]
2024-07-05 20:26:05,836 - INFO - Операция умножения матриц выполнена = [[4, 3, 4], [4, 1, 0], [1, 4, 2]]
2024-07-05 20:26:16,100 - INFO - Создана матрица 3x3 с случайными значениями. [[2, 1, 1], [3, 1, 3], [3, 4, 1]]
2024-07-05 20:26:16,100 - INFO - Создана матрица 3x3 с случайными значениями. [[1, 0, 1], [4, 3, 4], [0, 0, 0]]
2024-07-05 20:26:16,100 - INFO - Операция сложения матриц выполнена = [[2, 1, 1], [3, 1, 3], [3, 4, 1]]
2024-07-05 20:27:23,971 - INFO - Создана матрица 3x3 с случайными значениями. [[3, 0, 1], [4, 3, 4], [3, 4, 1]]
2024-07-05 20:27:23,971 - INFO - Создана матрица 3x3 с случайными значениями. [[2, 4, 3], [4, 3, 1], [0, 3, 1]]
2024-07-05 20:27:23,971 - INFO - Операция сложения матриц выполнена = [[3, 0, 1], [4, 3, 4], [3, 4, 1]]
2024-07-05 20:28:27,285 - INFO - Создана матрица 3x3 с случайными значениями. [[1, 1, 2], [3, 2, 4], [0, 1, 1]]
2024-07-05 20:28:27,285 - INFO - Создана матрица 3x3 с случайными значениями. [[0, 0, 1], [4, 0, 1], [1, 3, 4]]
2024-07-05 20:28:27,285 - INFO - Операция сложения матриц выполнена = [[1, 1, 2], [3, 2, 4], [0, 1, 1]]
2024-07-05 20:29:23,036 - INFO - Создана матрица 3x3 с случайными значениями. [[4, 0, 0], [4, 0, 4], [2, 3, 1]]
2024-07-05 20:29:23,036 - INFO - Создана матрица 3x3 с случайными значениями. [[4, 2, 3], [2, 4, 1], [4, 2, 2]]
2024-07-05 20:29:23,036 - INFO - Операция сложения матриц выполнена = [[4, 0, 0], [4, 0, 4], [2, 3, 1]]
2024-07-05 20:32:52,957 - INFO - Создана матрица 3x3 с случайными значениями. [[0, 1, 0], [0, 1, 3], [0, 4, 2]]
2024-07-05 20:32:52,957 - INFO - Создана матрица 3x3 с случайными значениями. [[0, 1, 3], [0, 4, 1], [2, 2, 1]]
2024-07-05 20:32:52,958 - INFO - Операция сравнения матриц выполнена. False
2024-07-05 20:35:11,416 - INFO - Создана матрица 3x3 с случайными значениями. [[2, 3, 1], [4, 2, 0], [3, 0, 4]]
2024-07-05 20:35:11,416 - ERROR - Ошибка в операции сравнения матриц: Matrices are not the same size or type
2024-07-05 20:35:31,318 - INFO - Создана матрица 3x3 с случайными значениями. [[2, 0, 3], [1, 0, 2], [3, 4, 1]]
2024-07-05 20:35:31,318 - ERROR - Ошибка в операции умножения: Unsupported operand type(s) for multiplication

2024-07-05 21:04:16,894 - INFO - Создана матрица 3x3 с случайными значениями. [[4, 0, 1], [2, 2, 2], [4, 2, 3]]
2024-07-05 21:04:16,894 - INFO - Создана матрица 3x4 с случайными значениями. [[4, 3, 3, 4], [1, 1, 4, 0], [4, 3, 0, 3]]
2024-07-05 21:04:16,894 - INFO - Операция умножения матриц выполнена = [[4, 0, 1], [2, 2, 2], [4, 2, 3]]
2024-07-05 21:04:52,952 - INFO - Создана матрица 3x3 с случайными значениями. [[1, 1, 0], [0, 0, 4], [0, 3, 3]]
2024-07-05 21:04:52,952 - INFO - Создана матрица 3x4 с случайными значениями. [[4, 2, 0, 0], [4, 2, 4, 3], [1, 3, 0, 1]]
2024-07-05 21:04:52,952 - ERROR - Ошибка в операции сложения матриц: Matrices are not the same size or type
2024-07-05 21:05:29,084 - INFO - Создана матрица 3x3 с случайными значениями. [[1, 0, 4], [2, 0, 1], [0, 1, 1]]
2024-07-05 21:05:29,084 - INFO - Создана матрица 3x3 с случайными значениями. [[1, 2, 0], [4, 3, 3], [3, 1, 4]]
2024-07-05 21:05:29,084 - INFO - Операция сложения матриц выполнена = [[1, 0, 4], [2, 0, 1], [0, 1, 1]]
2024-07-05 21:07:47,034 - INFO - Создана матрица 3x3 с случайными значениями. [[4, 4, 1], [3, 4, 2], [1, 1, 0]]
2024-07-05 21:07:47,034 - INFO - Создана матрица 3x3 с случайными значениями. [[0, 3, 1], [1, 0, 0], [0, 2, 0]]
2024-07-05 21:07:47,034 - INFO - Создана матрица 3x3 с случайными значениями. [[4, 4, 2], [0, 1, 3], [4, 4, 2]]
2024-07-05 21:07:47,034 - INFO - Создана матрица 3x3 с случайными значениями. [[2, 1, 3], [0, 1, 2], [3, 1, 2]]
2024-07-05 21:08:18,828 - INFO - Создана матрица 3x3 с случайными значениями. [[4, 4, 1], [0, 1, 1], [1, 1, 2]]
2024-07-05 21:08:18,828 - INFO - Создана матрица 3x3 с случайными значениями. [[4, 0, 3], [0, 4, 2], [1, 2, 3]]
2024-07-05 21:08:53,343 - INFO - Создана матрица 3x3 с случайными значениями. [[0, 2, 0], [2, 4, 0], [1, 4, 2]]
2024-07-05 21:08:53,344 - INFO - Создана матрица 3x3 с случайными значениями. [[3, 0, 0], [1, 2, 1], [0, 1, 0]]
2024-07-05 21:11:15,266 - INFO - Создана матрица 3x3 с случайными значениями. [[2, 4, 1], [4, 3, 1], [0, 3, 0]]
2024-07-05 21:11:15,267 - INFO - Создана матрица 3x3 с случайными значениями. [[0, 4, 4], [1, 4, 1], [1, 2, 2]]
